<?xml version="1.0" encoding="utf-8"?><testsuites name="pytest tests"><testsuite name="pytest" errors="13" failures="0" skipped="2" tests="25" time="6.047" timestamp="2026-02-26T08:14:37.418851+00:00" hostname="agent-env-3a5a37b7-f13b-49eb-99ab-ae041fa23460"><testcase classname="backend.tests.test_crm_api.TestAuthentication" name="test_admin_login_success" time="0.487" /><testcase classname="backend.tests.test_crm_api.TestAuthentication" name="test_recruiter_login_success" time="0.356" /><testcase classname="backend.tests.test_crm_api.TestAuthentication" name="test_login_invalid_credentials" time="0.160" /><testcase classname="backend.tests.test_crm_api.TestAuthentication" name="test_get_current_user" time="0.513" /><testcase classname="backend.tests.test_crm_api.TestDashboard" name="test_admin_stats" time="0.464" /><testcase classname="backend.tests.test_crm_api.TestDashboard" name="test_admin_recruiter_performance" time="0.451" /><testcase classname="backend.tests.test_crm_api.TestDashboard" name="test_admin_monthly_trend" time="0.443" /><testcase classname="backend.tests.test_crm_api.TestDashboard" name="test_admin_alerts" time="0.151"><error message="failed on setup with &quot;KeyError: 'token'&quot;">backend/tests/test_crm_api.py:85: in setup
    self.admin_token = login_res.json()["token"]
                       ^^^^^^^^^^^^^^^^^^^^^^^^^
E   KeyError: 'token'</error></testcase><testcase classname="backend.tests.test_crm_api.TestRecruiterDashboard" name="test_recruiter_stats" time="0.099"><skipped type="pytest.skip" message="Recruiter login failed - skipping recruiter tests">/app/backend/tests/test_crm_api.py:139: Recruiter login failed - skipping recruiter tests</skipped></testcase><testcase classname="backend.tests.test_crm_api.TestRecruiterDashboard" name="test_recruiter_monthly_performance" time="0.103"><skipped type="pytest.skip" message="Recruiter login failed - skipping recruiter tests">/app/backend/tests/test_crm_api.py:149: Recruiter login failed - skipping recruiter tests</skipped></testcase><testcase classname="backend.tests.test_crm_api.TestRecruiterDashboard" name="test_recruiter_todos" time="0.429" /><testcase classname="backend.tests.test_crm_api.TestWorkers" name="test_get_workers_list" time="0.454" /><testcase classname="backend.tests.test_crm_api.TestWorkers" name="test_get_worker_types" time="0.422" /><testcase classname="backend.tests.test_crm_api.TestWorkers" name="test_get_statuses" time="0.115"><error message="failed on setup with &quot;KeyError: 'token'&quot;">backend/tests/test_crm_api.py:178: in setup
    self.admin_token = login_res.json()["token"]
                       ^^^^^^^^^^^^^^^^^^^^^^^^^
E   KeyError: 'token'</error></testcase><testcase classname="backend.tests.test_crm_api.TestWorkers" name="test_get_global_statuses" time="0.106"><error message="failed on setup with &quot;KeyError: 'token'&quot;">backend/tests/test_crm_api.py:178: in setup
    self.admin_token = login_res.json()["token"]
                       ^^^^^^^^^^^^^^^^^^^^^^^^^
E   KeyError: 'token'</error></testcase><testcase classname="backend.tests.test_crm_api.TestWorkers" name="test_get_categories" time="0.100"><error message="failed on setup with &quot;KeyError: 'token'&quot;">backend/tests/test_crm_api.py:178: in setup
    self.admin_token = login_res.json()["token"]
                       ^^^^^^^^^^^^^^^^^^^^^^^^^
E   KeyError: 'token'</error></testcase><testcase classname="backend.tests.test_crm_api.TestProjects" name="test_get_projects_list" time="0.106"><error message="failed on setup with &quot;KeyError: 'token'&quot;">backend/tests/test_crm_api.py:239: in setup
    self.admin_token = login_res.json()["token"]
                       ^^^^^^^^^^^^^^^^^^^^^^^^^
E   KeyError: 'token'</error></testcase><testcase classname="backend.tests.test_crm_api.TestProjects" name="test_get_project_detail" time="0.116"><error message="failed on setup with &quot;KeyError: 'token'&quot;">backend/tests/test_crm_api.py:239: in setup
    self.admin_token = login_res.json()["token"]
                       ^^^^^^^^^^^^^^^^^^^^^^^^^
E   KeyError: 'token'</error></testcase><testcase classname="backend.tests.test_crm_api.TestNotifications" name="test_get_notifications" time="0.103"><error message="failed on setup with &quot;KeyError: 'token'&quot;">backend/tests/test_crm_api.py:279: in setup
    self.admin_token = login_res.json()["token"]
                       ^^^^^^^^^^^^^^^^^^^^^^^^^
E   KeyError: 'token'</error></testcase><testcase classname="backend.tests.test_crm_api.TestNotifications" name="test_get_unread_count" time="0.110"><error message="failed on setup with &quot;KeyError: 'token'&quot;">backend/tests/test_crm_api.py:279: in setup
    self.admin_token = login_res.json()["token"]
                       ^^^^^^^^^^^^^^^^^^^^^^^^^
E   KeyError: 'token'</error></testcase><testcase classname="backend.tests.test_crm_api.TestGoogleSheetsIntegration" name="test_google_sheets_connection" time="0.100"><error message="failed on setup with &quot;KeyError: 'token'&quot;">backend/tests/test_crm_api.py:309: in setup
    self.admin_token = login_res.json()["token"]
                       ^^^^^^^^^^^^^^^^^^^^^^^^^
E   KeyError: 'token'</error></testcase><testcase classname="backend.tests.test_crm_api.TestUsers" name="test_get_users_list" time="0.113"><error message="failed on setup with &quot;KeyError: 'token'&quot;">backend/tests/test_crm_api.py:338: in setup
    self.admin_token = login_res.json()["token"]
                       ^^^^^^^^^^^^^^^^^^^^^^^^^
E   KeyError: 'token'</error></testcase><testcase classname="backend.tests.test_crm_api.TestUsers" name="test_get_user_stats" time="0.099"><error message="failed on setup with &quot;KeyError: 'token'&quot;">backend/tests/test_crm_api.py:338: in setup
    self.admin_token = login_res.json()["token"]
                       ^^^^^^^^^^^^^^^^^^^^^^^^^
E   KeyError: 'token'</error></testcase><testcase classname="backend.tests.test_crm_api.TestTags" name="test_get_tags" time="0.123"><error message="failed on setup with &quot;KeyError: 'token'&quot;">backend/tests/test_crm_api.py:370: in setup
    self.admin_token = login_res.json()["token"]
                       ^^^^^^^^^^^^^^^^^^^^^^^^^
E   KeyError: 'token'</error></testcase><testcase classname="backend.tests.test_crm_api.TestPositions" name="test_get_positions" time="0.105"><error message="failed on setup with &quot;KeyError: 'token'&quot;">backend/tests/test_crm_api.py:392: in setup
    self.admin_token = login_res.json()["token"]
                       ^^^^^^^^^^^^^^^^^^^^^^^^^
E   KeyError: 'token'</error></testcase></testsuite></testsuites>