<?xml version="1.0" encoding="utf-8"?><testsuites name="pytest tests"><testsuite name="pytest" errors="0" failures="0" skipped="0" tests="24" time="4.933" timestamp="2026-02-26T08:15:37.025077+00:00" hostname="agent-env-3a5a37b7-f13b-49eb-99ab-ae041fa23460"><testcase classname="backend.tests.test_crm_api.TestAuthentication" name="test_admin_login_success" time="0.398" /><testcase classname="backend.tests.test_crm_api.TestAuthentication" name="test_recruiter_login_success" time="0.335" /><testcase classname="backend.tests.test_crm_api.TestAuthentication" name="test_get_current_user" time="0.437" /><testcase classname="backend.tests.test_crm_api.TestDashboard" name="test_admin_stats" time="0.113" /><testcase classname="backend.tests.test_crm_api.TestDashboard" name="test_admin_recruiter_performance" time="0.110" /><testcase classname="backend.tests.test_crm_api.TestDashboard" name="test_admin_monthly_trend" time="0.108" /><testcase classname="backend.tests.test_crm_api.TestDashboard" name="test_admin_alerts" time="0.105" /><testcase classname="backend.tests.test_crm_api.TestRecruiterDashboard" name="test_recruiter_stats" time="0.451" /><testcase classname="backend.tests.test_crm_api.TestRecruiterDashboard" name="test_recruiter_monthly_performance" time="0.108" /><testcase classname="backend.tests.test_crm_api.TestRecruiterDashboard" name="test_recruiter_todos" time="0.102" /><testcase classname="backend.tests.test_crm_api.TestWorkers" name="test_get_workers_list" time="0.108" /><testcase classname="backend.tests.test_crm_api.TestWorkers" name="test_get_worker_types" time="0.099" /><testcase classname="backend.tests.test_crm_api.TestWorkers" name="test_get_statuses" time="0.099" /><testcase classname="backend.tests.test_crm_api.TestWorkers" name="test_get_global_statuses" time="0.101" /><testcase classname="backend.tests.test_crm_api.TestWorkers" name="test_get_categories" time="0.116" /><testcase classname="backend.tests.test_crm_api.TestProjects" name="test_get_projects_list" time="0.117" /><testcase classname="backend.tests.test_crm_api.TestProjects" name="test_get_project_detail" time="0.226" /><testcase classname="backend.tests.test_crm_api.TestNotifications" name="test_get_notifications" time="0.107" /><testcase classname="backend.tests.test_crm_api.TestNotifications" name="test_get_unread_count" time="0.097" /><testcase classname="backend.tests.test_crm_api.TestGoogleSheetsIntegration" name="test_google_sheets_connection" time="1.084" /><testcase classname="backend.tests.test_crm_api.TestUsers" name="test_get_users_list" time="0.107" /><testcase classname="backend.tests.test_crm_api.TestUsers" name="test_get_user_stats" time="0.103" /><testcase classname="backend.tests.test_crm_api.TestTags" name="test_get_tags" time="0.108" /><testcase classname="backend.tests.test_crm_api.TestPositions" name="test_get_positions" time="0.107" /></testsuite></testsuites>